libvlc/build/outputs/logs/manifest-merger-release-report.txt
-- Merging decision tree log ---
manifest
ADDED from vlc-android/libvlc/AndroidManifest.xml:2:1-5:12
INJECTED from vlc-android/libvlc/AndroidManifest.xml:2:1-5:12
INJECTED from vlc-android/libvlc/AndroidManifest.xml:2:1-5:12
INJECTED from vlc-android/libvlc/AndroidManifest.xml:2:1-5:12
INJECTED from vlc-android/libvlc/AndroidManifest.xml:2:1-5:12
INJECTED from vlc-android/libvlc/AndroidManifest.xml:2:1-5:12
INJECTED from vlc-android/libvlc/AndroidManifest.xml:2:1-5:12
	package
		ADDED from vlc-android/libvlc/AndroidManifest.xml:3:7-29
		INJECTED from vlc-android/libvlc/AndroidManifest.xml
		INJECTED from vlc-android/libvlc/AndroidManifest.xml
	android:versionName
		ADDED from vlc-android/libvlc/AndroidManifest.xml:3:54-81
		INJECTED from vlc-android/libvlc/AndroidManifest.xml
		INJECTED from vlc-android/libvlc/AndroidManifest.xml
	xmlns:android
		ADDED from vlc-android/libvlc/AndroidManifest.xml:2:11-69
	android:versionCode
		ADDED from vlc-android/libvlc/AndroidManifest.xml:3:30-53
		INJECTED from vlc-android/libvlc/AndroidManifest.xml
		INJECTED from vlc-android/libvlc/AndroidManifest.xml
uses-sdk
ADDED from vlc-android/libvlc/AndroidManifest.xml:4:5-73
	android:targetSdkVersion
		ADDED from vlc-android/libvlc/AndroidManifest.xml:4:42-71
	android:minSdkVersion
		ADDED from vlc-android/libvlc/AndroidManifest.xml:4:15-41